  [4;36;1mSQL (1.0ms)[0m   [0;1m SELECT name
 FROM sqlite_master
 WHERE type = 'table' AND NOT name = 'sqlite_sequence'
[0m
  [4;35;1mSQL (0.2ms)[0m   [0mselect sqlite_version(*)[0m
  [4;36;1mSQL (1.8ms)[0m   [0;1mCREATE TABLE "schema_migrations" ("version" varchar(255) NOT NULL) [0m
  [4;35;1mSQL (1.8ms)[0m   [0mCREATE UNIQUE INDEX "unique_schema_migrations" ON "schema_migrations" ("version")[0m
  [4;36;1mSQL (0.4ms)[0m   [0;1m SELECT name
 FROM sqlite_master
 WHERE type = 'table' AND NOT name = 'sqlite_sequence'
[0m
  [4;35;1mSQL (0.3ms)[0m   [0mSELECT version FROM schema_migrations[0m
Migrating to CreateUsers (20120502180007)
  [4;36;1mSQL (0.5ms)[0m   [0;1m SELECT name
 FROM sqlite_master
 WHERE type = 'table' AND NOT name = 'sqlite_sequence'
[0m
  [4;35;1mSQL (0.6ms)[0m   [0mCREATE TABLE "users" ("id" INTEGER PRIMARY KEY AUTOINCREMENT NOT NULL, "login" varchar(40), "name" varchar(100) DEFAULT '', "email" varchar(100), "crypted_password" varchar(40), "salt" varchar(40), "created_at" datetime, "updated_at" datetime, "remember_token" varchar(40), "remember_token_expires_at" datetime) [0m
  [4;36;1mSQL (0.6ms)[0m   [0;1mCREATE UNIQUE INDEX "index_users_on_login" ON "users" ("login")[0m
  [4;35;1mSQL (1.0ms)[0m   [0mINSERT INTO schema_migrations (version) VALUES ('20120502180007')[0m
  [4;36;1mSQL (0.3ms)[0m   [0;1m SELECT name
 FROM sqlite_master
 WHERE type = 'table' AND NOT name = 'sqlite_sequence'
[0m
  [4;35;1mSQL (0.1ms)[0m   [0mSELECT version FROM schema_migrations[0m
  [4;36;1mSQL (0.2ms)[0m   [0;1m SELECT name
 FROM sqlite_master
 WHERE type = 'table' AND NOT name = 'sqlite_sequence'
[0m
  [4;35;1mSQL (0.1ms)[0m   [0mPRAGMA index_list("users")[0m
  [4;36;1mSQL (0.1ms)[0m   [0;1mPRAGMA index_info('index_users_on_login')[0m
  [4;36;1mSQL (0.7ms)[0m   [0;1m SELECT name
 FROM sqlite_master
 WHERE type = 'table' AND NOT name = 'sqlite_sequence'
[0m
  [4;35;1mSQL (0.2ms)[0m   [0mSELECT version FROM schema_migrations[0m
Migrating to CreateUsers (20120502180007)
  [4;36;1mSQL (0.1ms)[0m   [0;1mselect sqlite_version(*)[0m
  [4;35;1mSQL (0.3ms)[0m   [0m SELECT name
 FROM sqlite_master
 WHERE type = 'table' AND NOT name = 'sqlite_sequence'
[0m
  [4;36;1mSQL (0.2ms)[0m   [0;1mSELECT version FROM schema_migrations[0m
  [4;35;1mSQL (0.3ms)[0m   [0m SELECT name
 FROM sqlite_master
 WHERE type = 'table' AND NOT name = 'sqlite_sequence'
[0m
  [4;36;1mSQL (0.1ms)[0m   [0;1mPRAGMA index_list("users")[0m
  [4;35;1mSQL (0.1ms)[0m   [0mPRAGMA index_info('index_users_on_login')[0m


Processing HomeController#index (for 127.0.0.1 at 2012-05-02 15:08:10) [GET]
Rendering home/index
Completed in 49ms (View: 46, DB: 0) | 200 OK [http://localhost/]


Processing HomeController#index (for 127.0.0.1 at 2012-05-02 15:13:12) [GET]
Rendering home/index
ERROR: compiling _run_erb_app47views47home47index46html46erb RAISED compile error
/media/Dados/Coisas/rails/fakebook/app/views/home/index.html.erb:2: unknown regexp option - p
/media/Dados/Coisas/rails/fakebook/app/views/home/index.html.erb:2: unmatched ): /login ).to_s); @output_buffer.concat "</
/media/Dados/Coisas/rails/fakebook/app/views/home/index.html.erb:2: syntax error, unexpected $undefined
...; @output_buffer.concat "</p>\n"
                              ^
/media/Dados/Coisas/rails/fakebook/app/views/home/index.html.erb:2: unterminated string meets end of file
/media/Dados/Coisas/rails/fakebook/app/views/home/index.html.erb:2: syntax error, unexpected $end, expecting ')'
Function body:           def _run_erb_app47views47home47index46html46erb(local_assigns)
            old_output_buffer = output_buffer;;@output_buffer = '';  __in_erb_template=true ; @output_buffer.concat "<h1>Fakebook</h1>\n<p>"
; @output_buffer.concat(( link_to "Login", /login ).to_s); @output_buffer.concat "</p>\n"
; @output_buffer
          ensure
            self.output_buffer = old_output_buffer
          end
Backtrace: /media/Dados/Coisas/rails/fakebook/app/views/home/index.html.erb:2:in `compile!'
/usr/lib/ruby/1.8/action_view/renderable.rb:61:in `compile'
/usr/lib/ruby/1.8/action_view/renderable.rb:28:in `render'
/usr/lib/ruby/1.8/action_view/template.rb:205:in `render_template'
/usr/lib/ruby/1.8/action_view/base.rb:265:in `render'
/usr/lib/ruby/1.8/action_controller/base.rb:1250:in `render_for_file'
/usr/lib/ruby/1.8/action_controller/base.rb:945:in `render_without_benchmark'
/usr/lib/ruby/1.8/action_controller/benchmarking.rb:51:in `render'
/usr/lib/ruby/1.8/active_support/core_ext/benchmark.rb:17:in `ms'
/usr/lib/ruby/1.8/benchmark.rb:308:in `realtime'
/usr/lib/ruby/1.8/active_support/core_ext/benchmark.rb:17:in `ms'
/usr/lib/ruby/1.8/action_controller/benchmarking.rb:51:in `render'
/usr/lib/ruby/1.8/action_controller/base.rb:1326:in `default_render'
/usr/lib/ruby/1.8/action_controller/base.rb:1332:in `perform_action_without_filters'
/usr/lib/ruby/1.8/action_controller/filters.rb:617:in `call_filters'
/usr/lib/ruby/1.8/action_controller/filters.rb:610:in `perform_action_without_benchmark'
/usr/lib/ruby/1.8/action_controller/benchmarking.rb:68:in `perform_action_without_rescue'
/usr/lib/ruby/1.8/active_support/core_ext/benchmark.rb:17:in `ms'
/usr/lib/ruby/1.8/benchmark.rb:308:in `realtime'
/usr/lib/ruby/1.8/active_support/core_ext/benchmark.rb:17:in `ms'
/usr/lib/ruby/1.8/action_controller/benchmarking.rb:68:in `perform_action_without_rescue'
/usr/lib/ruby/1.8/action_controller/rescue.rb:160:in `perform_action_without_flash'
/usr/lib/ruby/1.8/action_controller/flash.rb:146:in `perform_action'
/usr/lib/ruby/1.8/action_controller/base.rb:532:in `send'
/usr/lib/ruby/1.8/action_controller/base.rb:532:in `process_without_filters'
/usr/lib/ruby/1.8/action_controller/filters.rb:606:in `process'
/usr/lib/ruby/1.8/action_controller/base.rb:391:in `process'
/usr/lib/ruby/1.8/action_controller/base.rb:386:in `call'
/usr/lib/ruby/1.8/action_controller/routing/route_set.rb:437:in `call'
/usr/lib/ruby/1.8/action_controller/dispatcher.rb:87:in `dispatch'
/usr/lib/ruby/1.8/action_controller/dispatcher.rb:121:in `_call'
/usr/lib/ruby/1.8/action_controller/dispatcher.rb:130:in `build_middleware_stack'
/usr/lib/ruby/1.8/active_record/query_cache.rb:29:in `call'
/usr/lib/ruby/1.8/active_record/query_cache.rb:29:in `call'
/usr/lib/ruby/1.8/active_record/connection_adapters/abstract/query_cache.rb:34:in `cache'
/usr/lib/ruby/1.8/active_record/query_cache.rb:9:in `cache'
/usr/lib/ruby/1.8/active_record/query_cache.rb:28:in `call'
/usr/lib/ruby/1.8/active_record/connection_adapters/abstract/connection_pool.rb:361:in `call'
/usr/lib/ruby/1.8/action_controller/string_coercion.rb:25:in `call'
/usr/lib/ruby/1.8/rack/head.rb:9:in `call'
/usr/lib/ruby/1.8/rack/methodoverride.rb:24:in `call'
/usr/lib/ruby/1.8/action_controller/params_parser.rb:15:in `call'
/usr/lib/ruby/1.8/action_controller/session/cookie_store.rb:93:in `call'
/usr/lib/ruby/1.8/action_controller/failsafe.rb:26:in `call'
/usr/lib/ruby/1.8/rack/lock.rb:11:in `call'
/usr/lib/ruby/1.8/rack/lock.rb:11:in `synchronize'
/usr/lib/ruby/1.8/rack/lock.rb:11:in `call'
/usr/lib/ruby/1.8/action_controller/dispatcher.rb:114:in `call'
/usr/lib/ruby/1.8/action_controller/reloader.rb:34:in `run'
/usr/lib/ruby/1.8/action_controller/dispatcher.rb:108:in `call'
/media/Dados/Coisas/rails/fakebook/vendor/rails/railties/lib/rails/rack/static.rb:31:in `call'
/usr/lib/ruby/1.8/rack/urlmap.rb:47:in `call'
/usr/lib/ruby/1.8/rack/urlmap.rb:41:in `each'
/usr/lib/ruby/1.8/rack/urlmap.rb:41:in `call'
/media/Dados/Coisas/rails/fakebook/vendor/rails/railties/lib/rails/rack/log_tailer.rb:17:in `call'
/usr/lib/ruby/1.8/rack/content_length.rb:13:in `call'
/usr/lib/ruby/1.8/rack/handler/webrick.rb:48:in `service'
/usr/lib/ruby/1.8/webrick/httpserver.rb:104:in `service'
/usr/lib/ruby/1.8/webrick/httpserver.rb:65:in `run'
/usr/lib/ruby/1.8/webrick/server.rb:173:in `start_thread'
/usr/lib/ruby/1.8/webrick/server.rb:162:in `start'
/usr/lib/ruby/1.8/webrick/server.rb:162:in `start_thread'
/usr/lib/ruby/1.8/webrick/server.rb:95:in `start'
/usr/lib/ruby/1.8/webrick/server.rb:92:in `each'
/usr/lib/ruby/1.8/webrick/server.rb:92:in `start'
/usr/lib/ruby/1.8/webrick/server.rb:23:in `start'
/usr/lib/ruby/1.8/webrick/server.rb:82:in `start'
/usr/lib/ruby/1.8/rack/handler/webrick.rb:14:in `run'
/media/Dados/Coisas/rails/fakebook/vendor/rails/railties/lib/commands/server.rb:111
/usr/lib/ruby/1.8/rubygems/custom_require.rb:31:in `gem_original_require'
/usr/lib/ruby/1.8/rubygems/custom_require.rb:31:in `require'
script/server:3

ActionView::TemplateError (compile error
/media/Dados/Coisas/rails/fakebook/app/views/home/index.html.erb:2: unknown regexp option - p
/media/Dados/Coisas/rails/fakebook/app/views/home/index.html.erb:2: unmatched ): /login ).to_s); @output_buffer.concat "</
/media/Dados/Coisas/rails/fakebook/app/views/home/index.html.erb:2: syntax error, unexpected $undefined
...; @output_buffer.concat "</p>\n"
                              ^
/media/Dados/Coisas/rails/fakebook/app/views/home/index.html.erb:2: unterminated string meets end of file
/media/Dados/Coisas/rails/fakebook/app/views/home/index.html.erb:2: syntax error, unexpected $end, expecting ')') on line #2 of app/views/home/index.html.erb:
1: <h1>Fakebook</h1>
2: <p><%= link_to "Login", /login %></p>

    app/views/home/index.html.erb:2:in `compile!'
    /usr/lib/ruby/1.8/action_view/renderable.rb:61:in `compile'
    /usr/lib/ruby/1.8/action_view/renderable.rb:28:in `render'
    /usr/lib/ruby/1.8/action_view/template.rb:205:in `render_template'
    /usr/lib/ruby/1.8/action_view/base.rb:265:in `render'
    /usr/lib/ruby/1.8/action_controller/base.rb:1250:in `render_for_file'
    /usr/lib/ruby/1.8/action_controller/base.rb:945:in `render_without_benchmark'
    /usr/lib/ruby/1.8/action_controller/benchmarking.rb:51:in `render'
    /usr/lib/ruby/1.8/action_controller/benchmarking.rb:51:in `render'
    /usr/lib/ruby/1.8/action_controller/base.rb:1326:in `default_render'
    /usr/lib/ruby/1.8/action_controller/base.rb:1332:in `perform_action_without_filters'
    /usr/lib/ruby/1.8/action_controller/filters.rb:617:in `call_filters'
    /usr/lib/ruby/1.8/action_controller/filters.rb:610:in `perform_action_without_benchmark'
    /usr/lib/ruby/1.8/action_controller/benchmarking.rb:68:in `perform_action_without_rescue'
    /usr/lib/ruby/1.8/action_controller/benchmarking.rb:68:in `perform_action_without_rescue'
    /usr/lib/ruby/1.8/action_controller/rescue.rb:160:in `perform_action_without_flash'
    /usr/lib/ruby/1.8/action_controller/flash.rb:146:in `perform_action'
    /usr/lib/ruby/1.8/action_controller/base.rb:532:in `send'
    /usr/lib/ruby/1.8/action_controller/base.rb:532:in `process_without_filters'
    /usr/lib/ruby/1.8/action_controller/filters.rb:606:in `process'
    /usr/lib/ruby/1.8/action_controller/base.rb:391:in `process'
    /usr/lib/ruby/1.8/action_controller/base.rb:386:in `call'
    /usr/lib/ruby/1.8/action_controller/routing/route_set.rb:437:in `call'
    /usr/lib/ruby/1.8/action_controller/dispatcher.rb:87:in `dispatch'
    /usr/lib/ruby/1.8/action_controller/dispatcher.rb:121:in `_call'
    /usr/lib/ruby/1.8/action_controller/dispatcher.rb:130:in `build_middleware_stack'
    /usr/lib/ruby/1.8/active_record/query_cache.rb:29:in `call'
    /usr/lib/ruby/1.8/active_record/query_cache.rb:29:in `call'
    /usr/lib/ruby/1.8/active_record/connection_adapters/abstract/query_cache.rb:34:in `cache'
    /usr/lib/ruby/1.8/active_record/query_cache.rb:9:in `cache'
    /usr/lib/ruby/1.8/active_record/query_cache.rb:28:in `call'
    /usr/lib/ruby/1.8/active_record/connection_adapters/abstract/connection_pool.rb:361:in `call'
    /usr/lib/ruby/1.8/action_controller/string_coercion.rb:25:in `call'
    /usr/lib/ruby/1.8/rack/head.rb:9:in `call'
    /usr/lib/ruby/1.8/rack/methodoverride.rb:24:in `call'
    /usr/lib/ruby/1.8/action_controller/params_parser.rb:15:in `call'
    /usr/lib/ruby/1.8/action_controller/session/cookie_store.rb:93:in `call'
    /usr/lib/ruby/1.8/action_controller/failsafe.rb:26:in `call'
    /usr/lib/ruby/1.8/rack/lock.rb:11:in `call'
    /usr/lib/ruby/1.8/rack/lock.rb:11:in `synchronize'
    /usr/lib/ruby/1.8/rack/lock.rb:11:in `call'
    /usr/lib/ruby/1.8/action_controller/dispatcher.rb:114:in `call'
    /usr/lib/ruby/1.8/action_controller/reloader.rb:34:in `run'
    /usr/lib/ruby/1.8/action_controller/dispatcher.rb:108:in `call'
    /usr/lib/ruby/1.8/rack/urlmap.rb:47:in `call'
    /usr/lib/ruby/1.8/rack/urlmap.rb:41:in `each'
    /usr/lib/ruby/1.8/rack/urlmap.rb:41:in `call'
    /usr/lib/ruby/1.8/rack/content_length.rb:13:in `call'
    /usr/lib/ruby/1.8/rack/handler/webrick.rb:48:in `service'
    /usr/lib/ruby/1.8/webrick/httpserver.rb:104:in `service'
    /usr/lib/ruby/1.8/webrick/httpserver.rb:65:in `run'
    /usr/lib/ruby/1.8/webrick/server.rb:173:in `start_thread'
    /usr/lib/ruby/1.8/webrick/server.rb:162:in `start'
    /usr/lib/ruby/1.8/webrick/server.rb:162:in `start_thread'
    /usr/lib/ruby/1.8/webrick/server.rb:95:in `start'
    /usr/lib/ruby/1.8/webrick/server.rb:92:in `each'
    /usr/lib/ruby/1.8/webrick/server.rb:92:in `start'
    /usr/lib/ruby/1.8/webrick/server.rb:23:in `start'
    /usr/lib/ruby/1.8/webrick/server.rb:82:in `start'
    /usr/lib/ruby/1.8/rack/handler/webrick.rb:14:in `run'

Rendered rescues/_trace (23.4ms)
Rendered rescues/_request_and_response (1.2ms)
Rendering rescues/layout (internal_server_error)


Processing HomeController#index (for 127.0.0.1 at 2012-05-02 15:13:57) [GET]
Rendering home/index
Completed in 55ms (View: 52, DB: 0) | 200 OK [http://localhost/]


Processing SessionsController#new (for 127.0.0.1 at 2012-05-02 15:14:00) [GET]
Rendering sessions/new
Completed in 32ms (View: 29, DB: 0) | 200 OK [http://localhost/login]


Processing SessionsController#create (for 127.0.0.1 at 2012-05-02 15:14:06) [POST]
  Parameters: {"commit"=>"Log in", "password"=>"jajaja", "authenticity_token"=>"vXcxICyJn2MrmpOBX2rOXuRlOYcsvY+gJ+cOSVKQ6jM=", "login"=>"miriam"}
  [4;36;1mUser Load (0.7ms)[0m   [0;1mSELECT * FROM "users" WHERE ("users"."login" = 'miriam') LIMIT 1[0m
Failed login for 'miriam' from 127.0.0.1 at Wed May 02 18:14:07 UTC 2012
Rendering sessions/new
Completed in 116ms (View: 12, DB: 1) | 200 OK [http://localhost/session]


Processing HomeController#index (for 127.0.0.1 at 2012-05-02 15:14:33) [GET]
Rendering home/index
Completed in 6ms (View: 4, DB: 0) | 200 OK [http://localhost/]


Processing UsersController#new (for 127.0.0.1 at 2012-05-02 15:14:35) [GET]
Rendering users/new
Completed in 40ms (View: 23, DB: 0) | 200 OK [http://localhost/signup]


Processing UsersController#create (for 127.0.0.1 at 2012-05-02 15:14:48) [POST]
  Parameters: {"commit"=>"Sign up", "authenticity_token"=>"vXcxICyJn2MrmpOBX2rOXuRlOYcsvY+gJ+cOSVKQ6jM=", "user"=>{"password_confirmation"=>"123", "email"=>"miriamyume@gmail.com", "password"=>"123", "login"=>"miriam"}}
  [4;35;1mUser Load (0.2ms)[0m   [0mSELECT "users".id FROM "users" WHERE ("users"."login" = 'miriam') LIMIT 1[0m
  [4;36;1mUser Load (0.1ms)[0m   [0;1mSELECT "users".id FROM "users" WHERE ("users"."email" = 'miriamyume@gmail.com') LIMIT 1[0m
Rendering users/new
Completed in 30ms (View: 7, DB: 0) | 200 OK [http://localhost/users]


Processing UsersController#create (for 127.0.0.1 at 2012-05-02 15:15:03) [POST]
  Parameters: {"commit"=>"Sign up", "authenticity_token"=>"vXcxICyJn2MrmpOBX2rOXuRlOYcsvY+gJ+cOSVKQ6jM=", "user"=>{"password_confirmation"=>"123456", "email"=>"miriamyume@gmail.com", "password"=>"123456", "login"=>"miriam"}}
  [4;35;1mUser Load (0.5ms)[0m   [0mSELECT "users".id FROM "users" WHERE ("users"."login" = 'miriam') LIMIT 1[0m
  [4;36;1mUser Load (0.2ms)[0m   [0;1mSELECT "users".id FROM "users" WHERE ("users"."email" = 'miriamyume@gmail.com') LIMIT 1[0m
  [4;35;1mUser Create (1.0ms)[0m   [0mINSERT INTO "users" ("email", "salt", "created_at", "updated_at", "remember_token", "remember_token_expires_at", "name", "crypted_password", "login") VALUES('miriamyume@gmail.com', 'a87a939a5b92948bae36b35eba9f9b5a3513a81c', '2012-05-02 18:15:03', '2012-05-02 18:15:03', NULL, NULL, '', '24537c0f559cc015f3ab00c0d4c771f20acefc24', 'miriam')[0m
Redirected to http://localhost:3000/
Completed in 27ms (DB: 2) | 302 Found [http://localhost/users]


Processing HomeController#index (for 127.0.0.1 at 2012-05-02 15:15:03) [GET]
Rendering home/index
Completed in 2ms (View: 1, DB: 0) | 200 OK [http://localhost/]


Processing HomeController#index (for 127.0.0.1 at 2012-05-02 15:15:43) [GET]
Rendering home/index

ActionView::TemplateError (Called id for nil, which would mistakenly be 4 -- if you really wanted the id of nil, use object_id) on line #4 of app/views/home/index.html.erb:
1: <h1>Fakebook</h1>
2: <p><%= link_to "Login", "/login" %></p>
3: <p><%= link_to "Sign up", "/signup" %></p>
4: <p><%= session[:current_user].id %></p>

    app/views/home/index.html.erb:4
    /usr/lib/ruby/1.8/action_view/renderable.rb:34:in `send'
    /usr/lib/ruby/1.8/action_view/renderable.rb:34:in `render'
    /usr/lib/ruby/1.8/action_view/base.rb:306:in `with_template'
    /usr/lib/ruby/1.8/action_view/renderable.rb:30:in `render'
    /usr/lib/ruby/1.8/action_view/template.rb:205:in `render_template'
    /usr/lib/ruby/1.8/action_view/base.rb:265:in `render'
    /usr/lib/ruby/1.8/action_controller/base.rb:1250:in `render_for_file'
    /usr/lib/ruby/1.8/action_controller/base.rb:945:in `render_without_benchmark'
    /usr/lib/ruby/1.8/action_controller/benchmarking.rb:51:in `render'
    /usr/lib/ruby/1.8/action_controller/benchmarking.rb:51:in `render'
    /usr/lib/ruby/1.8/action_controller/base.rb:1326:in `default_render'
    /usr/lib/ruby/1.8/action_controller/base.rb:1332:in `perform_action_without_filters'
    /usr/lib/ruby/1.8/action_controller/filters.rb:617:in `call_filters'
    /usr/lib/ruby/1.8/action_controller/filters.rb:610:in `perform_action_without_benchmark'
    /usr/lib/ruby/1.8/action_controller/benchmarking.rb:68:in `perform_action_without_rescue'
    /usr/lib/ruby/1.8/action_controller/benchmarking.rb:68:in `perform_action_without_rescue'
    /usr/lib/ruby/1.8/action_controller/rescue.rb:160:in `perform_action_without_flash'
    /usr/lib/ruby/1.8/action_controller/flash.rb:146:in `perform_action'
    /usr/lib/ruby/1.8/action_controller/base.rb:532:in `send'
    /usr/lib/ruby/1.8/action_controller/base.rb:532:in `process_without_filters'
    /usr/lib/ruby/1.8/action_controller/filters.rb:606:in `process'
    /usr/lib/ruby/1.8/action_controller/base.rb:391:in `process'
    /usr/lib/ruby/1.8/action_controller/base.rb:386:in `call'
    /usr/lib/ruby/1.8/action_controller/routing/route_set.rb:437:in `call'
    /usr/lib/ruby/1.8/action_controller/dispatcher.rb:87:in `dispatch'
    /usr/lib/ruby/1.8/action_controller/dispatcher.rb:121:in `_call'
    /usr/lib/ruby/1.8/action_controller/dispatcher.rb:130:in `build_middleware_stack'
    /usr/lib/ruby/1.8/active_record/query_cache.rb:29:in `call'
    /usr/lib/ruby/1.8/active_record/query_cache.rb:29:in `call'
    /usr/lib/ruby/1.8/active_record/connection_adapters/abstract/query_cache.rb:34:in `cache'
    /usr/lib/ruby/1.8/active_record/query_cache.rb:9:in `cache'
    /usr/lib/ruby/1.8/active_record/query_cache.rb:28:in `call'
    /usr/lib/ruby/1.8/active_record/connection_adapters/abstract/connection_pool.rb:361:in `call'
    /usr/lib/ruby/1.8/action_controller/string_coercion.rb:25:in `call'
    /usr/lib/ruby/1.8/rack/head.rb:9:in `call'
    /usr/lib/ruby/1.8/rack/methodoverride.rb:24:in `call'
    /usr/lib/ruby/1.8/action_controller/params_parser.rb:15:in `call'
    /usr/lib/ruby/1.8/action_controller/session/cookie_store.rb:93:in `call'
    /usr/lib/ruby/1.8/action_controller/failsafe.rb:26:in `call'
    /usr/lib/ruby/1.8/rack/lock.rb:11:in `call'
    /usr/lib/ruby/1.8/rack/lock.rb:11:in `synchronize'
    /usr/lib/ruby/1.8/rack/lock.rb:11:in `call'
    /usr/lib/ruby/1.8/action_controller/dispatcher.rb:114:in `call'
    /usr/lib/ruby/1.8/action_controller/reloader.rb:34:in `run'
    /usr/lib/ruby/1.8/action_controller/dispatcher.rb:108:in `call'
    /usr/lib/ruby/1.8/rack/urlmap.rb:47:in `call'
    /usr/lib/ruby/1.8/rack/urlmap.rb:41:in `each'
    /usr/lib/ruby/1.8/rack/urlmap.rb:41:in `call'
    /usr/lib/ruby/1.8/rack/content_length.rb:13:in `call'
    /usr/lib/ruby/1.8/rack/handler/webrick.rb:48:in `service'
    /usr/lib/ruby/1.8/webrick/httpserver.rb:104:in `service'
    /usr/lib/ruby/1.8/webrick/httpserver.rb:65:in `run'
    /usr/lib/ruby/1.8/webrick/server.rb:173:in `start_thread'
    /usr/lib/ruby/1.8/webrick/server.rb:162:in `start'
    /usr/lib/ruby/1.8/webrick/server.rb:162:in `start_thread'
    /usr/lib/ruby/1.8/webrick/server.rb:95:in `start'
    /usr/lib/ruby/1.8/webrick/server.rb:92:in `each'
    /usr/lib/ruby/1.8/webrick/server.rb:92:in `start'
    /usr/lib/ruby/1.8/webrick/server.rb:23:in `start'
    /usr/lib/ruby/1.8/webrick/server.rb:82:in `start'
    /usr/lib/ruby/1.8/rack/handler/webrick.rb:14:in `run'

Rendered rescues/_trace (16.1ms)
Rendered rescues/_request_and_response (0.3ms)
Rendering rescues/layout (internal_server_error)


Processing HomeController#index (for 127.0.0.1 at 2012-05-02 15:15:54) [GET]
Rendering home/index
Completed in 5ms (View: 4, DB: 0) | 200 OK [http://localhost/]


Processing SessionsController#new (for 127.0.0.1 at 2012-05-02 15:15:59) [GET]
Rendering sessions/new
Completed in 7ms (View: 5, DB: 0) | 200 OK [http://localhost/login]


Processing SessionsController#create (for 127.0.0.1 at 2012-05-02 15:16:05) [POST]
  Parameters: {"commit"=>"Log in", "password"=>"123456", "authenticity_token"=>"vXcxICyJn2MrmpOBX2rOXuRlOYcsvY+gJ+cOSVKQ6jM=", "login"=>"miriam"}
  [4;36;1mUser Load (0.3ms)[0m   [0;1mSELECT * FROM "users" WHERE ("users"."login" = 'miriam') LIMIT 1[0m
Redirected to http://localhost:3000/
Completed in 62ms (DB: 0) | 302 Found [http://localhost/session]


Processing HomeController#index (for 127.0.0.1 at 2012-05-02 15:16:06) [GET]
Rendering home/index
Completed in 4ms (View: 2, DB: 0) | 200 OK [http://localhost/]


Processing HomeController#index (for 127.0.0.1 at 2012-05-02 15:19:31) [GET]
Rendering home/index
Completed in 10ms (View: 7, DB: 0) | 200 OK [http://localhost/]


Processing HomeController#index (for 127.0.0.1 at 2012-05-02 15:19:47) [GET]
Rendering home/index
Completed in 11ms (View: 8, DB: 0) | 200 OK [http://localhost/]
  [4;36;1mSQL (0.6ms)[0m   [0;1m SELECT name
 FROM sqlite_master
 WHERE type = 'table' AND NOT name = 'sqlite_sequence'
[0m
  [4;35;1mSQL (0.2ms)[0m   [0mSELECT version FROM schema_migrations[0m
Migrating to CreateUsers (20120502180007)
Migrating to CreatePosts (20120502182122)
  [4;36;1mSQL (0.1ms)[0m   [0;1mselect sqlite_version(*)[0m
  [4;35;1mSQL (0.9ms)[0m   [0mCREATE TABLE "posts" ("id" INTEGER PRIMARY KEY AUTOINCREMENT NOT NULL, "content" text, "user_id" integer, "created_at" datetime, "updated_at" datetime) [0m
  [4;36;1mSQL (0.3ms)[0m   [0;1mINSERT INTO schema_migrations (version) VALUES ('20120502182122')[0m
  [4;35;1mSQL (0.3ms)[0m   [0m SELECT name
 FROM sqlite_master
 WHERE type = 'table' AND NOT name = 'sqlite_sequence'
[0m
  [4;36;1mSQL (0.2ms)[0m   [0;1mSELECT version FROM schema_migrations[0m
  [4;35;1mSQL (0.8ms)[0m   [0m SELECT name
 FROM sqlite_master
 WHERE type = 'table' AND NOT name = 'sqlite_sequence'
[0m
  [4;36;1mSQL (0.0ms)[0m   [0;1mPRAGMA index_list("posts")[0m
  [4;35;1mSQL (0.1ms)[0m   [0mPRAGMA index_list("users")[0m
  [4;36;1mSQL (0.1ms)[0m   [0;1mPRAGMA index_info('index_users_on_login')[0m
  [4;36;1mSQL (0.9ms)[0m   [0;1m SELECT name
 FROM sqlite_master
 WHERE type = 'table' AND NOT name = 'sqlite_sequence'
[0m
  [4;35;1mSQL (0.3ms)[0m   [0mSELECT version FROM schema_migrations[0m
Migrating to CreateUsers (20120502180007)
Migrating to CreatePosts (20120502182122)
  [4;36;1mSQL (0.1ms)[0m   [0;1mselect sqlite_version(*)[0m
  [4;35;1mSQL (0.4ms)[0m   [0m SELECT name
 FROM sqlite_master
 WHERE type = 'table' AND NOT name = 'sqlite_sequence'
[0m
  [4;36;1mSQL (0.3ms)[0m   [0;1mSELECT version FROM schema_migrations[0m
  [4;35;1mSQL (0.3ms)[0m   [0m SELECT name
 FROM sqlite_master
 WHERE type = 'table' AND NOT name = 'sqlite_sequence'
[0m
  [4;36;1mSQL (0.1ms)[0m   [0;1mPRAGMA index_list("posts")[0m
  [4;35;1mSQL (0.1ms)[0m   [0mPRAGMA index_list("users")[0m
  [4;36;1mSQL (0.1ms)[0m   [0;1mPRAGMA index_info('index_users_on_login')[0m


Processing HomeController#index (for 127.0.0.1 at 2012-05-02 15:26:38) [GET]
Rendering home/index
Completed in 40ms (View: 37, DB: 0) | 200 OK [http://localhost/]


Processing SessionsController#new (for 127.0.0.1 at 2012-05-02 15:26:41) [GET]
Rendering sessions/new
Completed in 51ms (View: 48, DB: 0) | 200 OK [http://localhost/login]


Processing SessionsController#create (for 127.0.0.1 at 2012-05-02 15:26:48) [POST]
  Parameters: {"login"=>"miriam", "password"=>"123456", "commit"=>"Log in", "authenticity_token"=>"vXcxICyJn2MrmpOBX2rOXuRlOYcsvY+gJ+cOSVKQ6jM="}
  [4;36;1mUser Load (0.7ms)[0m   [0;1mSELECT * FROM "users" WHERE ("users"."login" = 'miriam') LIMIT 1[0m
Redirected to http://localhost:3000/
Completed in 80ms (DB: 1) | 302 Found [http://localhost/session]


Processing HomeController#index (for 127.0.0.1 at 2012-05-02 15:26:49) [GET]
Rendering home/index
Completed in 4ms (View: 2, DB: 0) | 200 OK [http://localhost/]


Processing PostsController#index (for 127.0.0.1 at 2012-05-02 15:27:01) [GET]
  [4;35;1mPost Load (1.1ms)[0m   [0mSELECT * FROM "posts" [0m
Rendering template within layouts/posts
Rendering posts/index
Completed in 64ms (View: 22, DB: 1) | 200 OK [http://localhost/posts/]


Processing PostsController#new (for 127.0.0.1 at 2012-05-02 15:27:03) [GET]
Rendering template within layouts/posts
Rendering posts/new
Completed in 28ms (View: 16, DB: 0) | 200 OK [http://localhost/posts/new]


Processing PostsController#create (for 127.0.0.1 at 2012-05-02 15:27:08) [POST]
  Parameters: {"commit"=>"Create", "authenticity_token"=>"vXcxICyJn2MrmpOBX2rOXuRlOYcsvY+gJ+cOSVKQ6jM=", "post"=>{"content"=>"jhhkjhkjhkjhjhjkhjh"}}
  [4;36;1mUser Load (0.3ms)[0m   [0;1mSELECT * FROM "users" WHERE ("users"."id" = 1) [0m
  [4;35;1mPost Create (1.1ms)[0m   [0mINSERT INTO "posts" ("user_id", "updated_at", "content", "created_at") VALUES(1, '2012-05-02 18:27:08', 'jhhkjhkjhkjhjhjkhjh', '2012-05-02 18:27:08')[0m
Redirected to http://localhost:3000/posts/1
Completed in 20ms (DB: 1) | 302 Found [http://localhost/posts]


Processing PostsController#show (for 127.0.0.1 at 2012-05-02 15:27:08) [GET]
  Parameters: {"id"=>"1"}
  [4;36;1mPost Load (0.2ms)[0m   [0;1mSELECT * FROM "posts" WHERE ("posts"."id" = 1) [0m
Rendering template within layouts/posts
Rendering posts/show
  [4;35;1mUser Load (0.4ms)[0m   [0mSELECT * FROM "users" WHERE ("users"."id" = 1) [0m
Completed in 22ms (View: 13, DB: 1) | 200 OK [http://localhost/posts/1]


Processing PostsController#show (for 127.0.0.1 at 2012-05-02 15:28:05) [GET]
  Parameters: {"id"=>"1"}
  [4;36;1mPost Load (0.5ms)[0m   [0;1mSELECT * FROM "posts" WHERE ("posts"."id" = 1) [0m
Rendering template within layouts/posts
Rendering posts/show
  [4;35;1mUser Load (0.7ms)[0m   [0mSELECT * FROM "users" WHERE ("users"."id" = 1) [0m
Completed in 33ms (View: 20, DB: 1) | 200 OK [http://localhost/posts/1]


Processing PostsController#show (for 127.0.0.1 at 2012-05-02 15:28:06) [GET]
  Parameters: {"id"=>"1"}
  [4;36;1mPost Load (0.6ms)[0m   [0;1mSELECT * FROM "posts" WHERE ("posts"."id" = 1) [0m
Rendering template within layouts/posts
Rendering posts/show
  [4;35;1mUser Load (0.4ms)[0m   [0mSELECT * FROM "users" WHERE ("users"."id" = 1) [0m
Completed in 72ms (View: 60, DB: 1) | 200 OK [http://localhost/posts/1]


Processing PostsController#show (for 127.0.0.1 at 2012-05-02 15:28:06) [GET]
  Parameters: {"id"=>"1"}
  [4;36;1mPost Load (0.5ms)[0m   [0;1mSELECT * FROM "posts" WHERE ("posts"."id" = 1) [0m
Rendering template within layouts/posts
Rendering posts/show
  [4;35;1mUser Load (0.7ms)[0m   [0mSELECT * FROM "users" WHERE ("users"."id" = 1) [0m
Completed in 35ms (View: 21, DB: 1) | 200 OK [http://localhost/posts/1]


Processing PostsController#show (for 127.0.0.1 at 2012-05-02 15:28:07) [GET]
  Parameters: {"id"=>"1"}
  [4;36;1mPost Load (0.7ms)[0m   [0;1mSELECT * FROM "posts" WHERE ("posts"."id" = 1) [0m
Rendering template within layouts/posts
Rendering posts/show
  [4;35;1mUser Load (0.7ms)[0m   [0mSELECT * FROM "users" WHERE ("users"."id" = 1) [0m
Completed in 36ms (View: 22, DB: 1) | 200 OK [http://localhost/posts/1]


Processing PostsController#show (for 127.0.0.1 at 2012-05-02 15:28:07) [GET]
  Parameters: {"id"=>"1"}
  [4;36;1mPost Load (0.5ms)[0m   [0;1mSELECT * FROM "posts" WHERE ("posts"."id" = 1) [0m
Rendering template within layouts/posts
Rendering posts/show
  [4;35;1mUser Load (0.7ms)[0m   [0mSELECT * FROM "users" WHERE ("users"."id" = 1) [0m
Completed in 33ms (View: 20, DB: 1) | 200 OK [http://localhost/posts/1]


Processing PostsController#show (for 127.0.0.1 at 2012-05-02 15:28:08) [GET]
  Parameters: {"id"=>"1"}
  [4;36;1mPost Load (0.2ms)[0m   [0;1mSELECT * FROM "posts" WHERE ("posts"."id" = 1) [0m
Rendering template within layouts/posts
Rendering posts/show
  [4;35;1mUser Load (0.4ms)[0m   [0mSELECT * FROM "users" WHERE ("users"."id" = 1) [0m
Completed in 17ms (View: 11, DB: 1) | 200 OK [http://localhost/posts/1]


Processing PostsController#show (for 127.0.0.1 at 2012-05-02 15:28:08) [GET]
  Parameters: {"id"=>"1"}
  [4;36;1mPost Load (0.5ms)[0m   [0;1mSELECT * FROM "posts" WHERE ("posts"."id" = 1) [0m
Rendering template within layouts/posts
Rendering posts/show
  [4;35;1mUser Load (0.7ms)[0m   [0mSELECT * FROM "users" WHERE ("users"."id" = 1) [0m
Completed in 34ms (View: 20, DB: 1) | 200 OK [http://localhost/posts/1]


Processing PostsController#show (for 127.0.0.1 at 2012-05-02 15:28:08) [GET]
  Parameters: {"id"=>"1"}
  [4;36;1mPost Load (0.5ms)[0m   [0;1mSELECT * FROM "posts" WHERE ("posts"."id" = 1) [0m
Rendering template within layouts/posts
Rendering posts/show
  [4;35;1mUser Load (0.7ms)[0m   [0mSELECT * FROM "users" WHERE ("users"."id" = 1) [0m
Completed in 33ms (View: 20, DB: 1) | 200 OK [http://localhost/posts/1]


Processing PostsController#show (for 127.0.0.1 at 2012-05-02 15:28:08) [GET]
  Parameters: {"id"=>"1"}
  [4;36;1mPost Load (0.6ms)[0m   [0;1mSELECT * FROM "posts" WHERE ("posts"."id" = 1) [0m
Rendering template within layouts/posts
Rendering posts/show
  [4;35;1mUser Load (0.7ms)[0m   [0mSELECT * FROM "users" WHERE ("users"."id" = 1) [0m
Completed in 32ms (View: 20, DB: 1) | 200 OK [http://localhost/posts/1]


Processing PostsController#show (for 127.0.0.1 at 2012-05-02 15:28:08) [GET]
  Parameters: {"id"=>"1"}
  [4;36;1mPost Load (0.2ms)[0m   [0;1mSELECT * FROM "posts" WHERE ("posts"."id" = 1) [0m
Rendering template within layouts/posts
Rendering posts/show
  [4;35;1mUser Load (0.4ms)[0m   [0mSELECT * FROM "users" WHERE ("users"."id" = 1) [0m
Completed in 17ms (View: 10, DB: 1) | 200 OK [http://localhost/posts/1]


Processing PostsController#show (for 127.0.0.1 at 2012-05-02 15:28:09) [GET]
  Parameters: {"id"=>"1"}
  [4;36;1mPost Load (0.5ms)[0m   [0;1mSELECT * FROM "posts" WHERE ("posts"."id" = 1) [0m
Rendering template within layouts/posts
Rendering posts/show
  [4;35;1mUser Load (0.7ms)[0m   [0mSELECT * FROM "users" WHERE ("users"."id" = 1) [0m
Completed in 34ms (View: 21, DB: 1) | 200 OK [http://localhost/posts/1]


Processing PostsController#show (for 127.0.0.1 at 2012-05-02 15:28:09) [GET]
  Parameters: {"id"=>"1"}
  [4;36;1mPost Load (0.6ms)[0m   [0;1mSELECT * FROM "posts" WHERE ("posts"."id" = 1) [0m
Rendering template within layouts/posts
Rendering posts/show
  [4;35;1mUser Load (0.7ms)[0m   [0mSELECT * FROM "users" WHERE ("users"."id" = 1) [0m
Completed in 38ms (View: 22, DB: 1) | 200 OK [http://localhost/posts/1]


Processing PostsController#show (for 127.0.0.1 at 2012-05-02 15:28:09) [GET]
  Parameters: {"id"=>"1"}
  [4;36;1mPost Load (0.4ms)[0m   [0;1mSELECT * FROM "posts" WHERE ("posts"."id" = 1) [0m
Rendering template within layouts/posts
Rendering posts/show
  [4;35;1mUser Load (0.4ms)[0m   [0mSELECT * FROM "users" WHERE ("users"."id" = 1) [0m
Completed in 58ms (View: 10, DB: 1) | 200 OK [http://localhost/posts/1]


Processing PostsController#show (for 127.0.0.1 at 2012-05-02 15:28:09) [GET]
  Parameters: {"id"=>"1"}
  [4;36;1mPost Load (0.5ms)[0m   [0;1mSELECT * FROM "posts" WHERE ("posts"."id" = 1) [0m
Rendering template within layouts/posts
Rendering posts/show
  [4;35;1mUser Load (0.7ms)[0m   [0mSELECT * FROM "users" WHERE ("users"."id" = 1) [0m
Completed in 35ms (View: 21, DB: 1) | 200 OK [http://localhost/posts/1]


Processing PostsController#show (for 127.0.0.1 at 2012-05-02 15:28:09) [GET]
  Parameters: {"id"=>"1"}
  [4;36;1mPost Load (0.5ms)[0m   [0;1mSELECT * FROM "posts" WHERE ("posts"."id" = 1) [0m
Rendering template within layouts/posts
Rendering posts/show
  [4;35;1mUser Load (0.8ms)[0m   [0mSELECT * FROM "users" WHERE ("users"."id" = 1) [0m
Completed in 33ms (View: 21, DB: 1) | 200 OK [http://localhost/posts/1]


Processing PostsController#show (for 127.0.0.1 at 2012-05-02 15:28:09) [GET]
  Parameters: {"id"=>"1"}
  [4;36;1mPost Load (0.5ms)[0m   [0;1mSELECT * FROM "posts" WHERE ("posts"."id" = 1) [0m
Rendering template within layouts/posts
Rendering posts/show
  [4;35;1mUser Load (0.7ms)[0m   [0mSELECT * FROM "users" WHERE ("users"."id" = 1) [0m
Completed in 33ms (View: 20, DB: 1) | 200 OK [http://localhost/posts/1]


Processing PostsController#show (for 127.0.0.1 at 2012-05-02 15:28:10) [GET]
  Parameters: {"id"=>"1"}
  [4;36;1mPost Load (0.2ms)[0m   [0;1mSELECT * FROM "posts" WHERE ("posts"."id" = 1) [0m
Rendering template within layouts/posts
Rendering posts/show
  [4;35;1mUser Load (0.4ms)[0m   [0mSELECT * FROM "users" WHERE ("users"."id" = 1) [0m
Completed in 16ms (View: 10, DB: 1) | 200 OK [http://localhost/posts/1]


Processing PostsController#show (for 127.0.0.1 at 2012-05-02 15:28:10) [GET]
  Parameters: {"id"=>"1"}
  [4;36;1mPost Load (0.5ms)[0m   [0;1mSELECT * FROM "posts" WHERE ("posts"."id" = 1) [0m
Rendering template within layouts/posts
Rendering posts/show
  [4;35;1mUser Load (0.7ms)[0m   [0mSELECT * FROM "users" WHERE ("users"."id" = 1) [0m
Completed in 33ms (View: 20, DB: 1) | 200 OK [http://localhost/posts/1]


Processing PostsController#show (for 127.0.0.1 at 2012-05-02 15:28:10) [GET]
  Parameters: {"id"=>"1"}
  [4;36;1mPost Load (0.5ms)[0m   [0;1mSELECT * FROM "posts" WHERE ("posts"."id" = 1) [0m
Rendering template within layouts/posts
Rendering posts/show
  [4;35;1mUser Load (0.7ms)[0m   [0mSELECT * FROM "users" WHERE ("users"."id" = 1) [0m
Completed in 34ms (View: 21, DB: 1) | 200 OK [http://localhost/posts/1]


Processing PostsController#show (for 127.0.0.1 at 2012-05-02 15:28:10) [GET]
  Parameters: {"id"=>"1"}
  [4;36;1mPost Load (0.2ms)[0m   [0;1mSELECT * FROM "posts" WHERE ("posts"."id" = 1) [0m
Rendering template within layouts/posts
Rendering posts/show
  [4;35;1mUser Load (0.4ms)[0m   [0mSELECT * FROM "users" WHERE ("users"."id" = 1) [0m
Completed in 59ms (View: 53, DB: 1) | 200 OK [http://localhost/posts/1]


Processing PostsController#show (for 127.0.0.1 at 2012-05-02 15:28:11) [GET]
  Parameters: {"id"=>"1"}
  [4;36;1mPost Load (0.5ms)[0m   [0;1mSELECT * FROM "posts" WHERE ("posts"."id" = 1) [0m
Rendering template within layouts/posts
Rendering posts/show
  [4;35;1mUser Load (0.7ms)[0m   [0mSELECT * FROM "users" WHERE ("users"."id" = 1) [0m
Completed in 34ms (View: 21, DB: 1) | 200 OK [http://localhost/posts/1]


Processing PostsController#show (for 127.0.0.1 at 2012-05-02 15:28:11) [GET]
  Parameters: {"id"=>"1"}
  [4;36;1mPost Load (0.5ms)[0m   [0;1mSELECT * FROM "posts" WHERE ("posts"."id" = 1) [0m
Rendering template within layouts/posts
Rendering posts/show
  [4;35;1mUser Load (0.7ms)[0m   [0mSELECT * FROM "users" WHERE ("users"."id" = 1) [0m
Completed in 33ms (View: 20, DB: 1) | 200 OK [http://localhost/posts/1]


Processing PostsController#show (for 127.0.0.1 at 2012-05-02 15:28:11) [GET]
  Parameters: {"id"=>"1"}
  [4;36;1mPost Load (0.6ms)[0m   [0;1mSELECT * FROM "posts" WHERE ("posts"."id" = 1) [0m
Rendering template within layouts/posts
Rendering posts/show
  [4;35;1mUser Load (0.7ms)[0m   [0mSELECT * FROM "users" WHERE ("users"."id" = 1) [0m
Completed in 33ms (View: 20, DB: 1) | 200 OK [http://localhost/posts/1]


Processing PostsController#show (for 127.0.0.1 at 2012-05-02 15:28:11) [GET]
  Parameters: {"id"=>"1"}
  [4;36;1mPost Load (0.3ms)[0m   [0;1mSELECT * FROM "posts" WHERE ("posts"."id" = 1) [0m
Rendering template within layouts/posts
Rendering posts/show
  [4;35;1mUser Load (0.4ms)[0m   [0mSELECT * FROM "users" WHERE ("users"."id" = 1) [0m
Completed in 70ms (View: 11, DB: 1) | 200 OK [http://localhost/posts/1]


Processing PostsController#show (for 127.0.0.1 at 2012-05-02 15:28:11) [GET]
  Parameters: {"id"=>"1"}
  [4;36;1mPost Load (0.5ms)[0m   [0;1mSELECT * FROM "posts" WHERE ("posts"."id" = 1) [0m
Rendering template within layouts/posts
Rendering posts/show
  [4;35;1mUser Load (0.7ms)[0m   [0mSELECT * FROM "users" WHERE ("users"."id" = 1) [0m
Completed in 38ms (View: 23, DB: 1) | 200 OK [http://localhost/posts/1]


Processing PostsController#show (for 127.0.0.1 at 2012-05-02 15:28:12) [GET]
  Parameters: {"id"=>"1"}
  [4;36;1mPost Load (0.3ms)[0m   [0;1mSELECT * FROM "posts" WHERE ("posts"."id" = 1) [0m
Rendering template within layouts/posts
Rendering posts/show
  [4;35;1mUser Load (0.3ms)[0m   [0mSELECT * FROM "users" WHERE ("users"."id" = 1) [0m
Completed in 19ms (View: 9, DB: 1) | 200 OK [http://localhost/posts/1]


Processing PostsController#show (for 127.0.0.1 at 2012-05-02 15:28:12) [GET]
  Parameters: {"id"=>"1"}
  [4;36;1mPost Load (0.5ms)[0m   [0;1mSELECT * FROM "posts" WHERE ("posts"."id" = 1) [0m
Rendering template within layouts/posts
Rendering posts/show
  [4;35;1mUser Load (0.7ms)[0m   [0mSELECT * FROM "users" WHERE ("users"."id" = 1) [0m
Completed in 32ms (View: 19, DB: 1) | 200 OK [http://localhost/posts/1]


Processing PostsController#index (for 127.0.0.1 at 2012-05-02 15:28:22) [GET]
  [4;36;1mPost Load (0.6ms)[0m   [0;1mSELECT * FROM "posts" [0m
Rendering template within layouts/posts
Rendering posts/index
  [4;35;1mUser Load (0.4ms)[0m   [0mSELECT * FROM "users" WHERE ("users"."id" = 1) [0m
Completed in 24ms (View: 17, DB: 1) | 200 OK [http://localhost/posts]


Processing PostsController#show (for 127.0.0.1 at 2012-05-02 15:28:43) [GET]
  Parameters: {"id"=>"1"}
  [4;36;1mPost Load (0.5ms)[0m   [0;1mSELECT * FROM "posts" WHERE ("posts"."id" = 1) [0m
Rendering template within layouts/posts
Rendering posts/show
  [4;35;1mUser Load (0.7ms)[0m   [0mSELECT * FROM "users" WHERE ("users"."id" = 1) [0m
Completed in 43ms (View: 30, DB: 1) | 200 OK [http://localhost/posts/1]


Processing PostsController#index (for 127.0.0.1 at 2012-05-02 15:44:15) [GET]
  [4;36;1mSQL (0.5ms)[0m   [0;1m SELECT name
 FROM sqlite_master
 WHERE type = 'table' AND NOT name = 'sqlite_sequence'
[0m

NoMethodError (undefined method `find_all' for #<Class:0x7f4af0b57e48>):
  /usr/lib/ruby/1.8/active_record/base.rb:1959:in `method_missing'
  app/controllers/posts_controller.rb:5:in `index'
  /usr/lib/ruby/1.8/action_controller/base.rb:1331:in `send'
  /usr/lib/ruby/1.8/action_controller/base.rb:1331:in `perform_action_without_filters'
  /usr/lib/ruby/1.8/action_controller/filters.rb:617:in `call_filters'
  /usr/lib/ruby/1.8/action_controller/filters.rb:610:in `perform_action_without_benchmark'
  /usr/lib/ruby/1.8/action_controller/benchmarking.rb:68:in `perform_action_without_rescue'
  /usr/lib/ruby/1.8/action_controller/benchmarking.rb:68:in `perform_action_without_rescue'
  /usr/lib/ruby/1.8/action_controller/rescue.rb:160:in `perform_action_without_flash'
  /usr/lib/ruby/1.8/action_controller/flash.rb:146:in `perform_action'
  /usr/lib/ruby/1.8/action_controller/base.rb:532:in `send'
  /usr/lib/ruby/1.8/action_controller/base.rb:532:in `process_without_filters'
  /usr/lib/ruby/1.8/action_controller/filters.rb:606:in `process'
  /usr/lib/ruby/1.8/action_controller/base.rb:391:in `process'
  /usr/lib/ruby/1.8/action_controller/base.rb:386:in `call'
  /usr/lib/ruby/1.8/action_controller/routing/route_set.rb:437:in `call'
  /usr/lib/ruby/1.8/action_controller/dispatcher.rb:87:in `dispatch'
  /usr/lib/ruby/1.8/action_controller/dispatcher.rb:121:in `_call'
  /usr/lib/ruby/1.8/action_controller/dispatcher.rb:130:in `build_middleware_stack'
  /usr/lib/ruby/1.8/active_record/query_cache.rb:29:in `call'
  /usr/lib/ruby/1.8/active_record/query_cache.rb:29:in `call'
  /usr/lib/ruby/1.8/active_record/connection_adapters/abstract/query_cache.rb:34:in `cache'
  /usr/lib/ruby/1.8/active_record/query_cache.rb:9:in `cache'
  /usr/lib/ruby/1.8/active_record/query_cache.rb:28:in `call'
  /usr/lib/ruby/1.8/active_record/connection_adapters/abstract/connection_pool.rb:361:in `call'
  /usr/lib/ruby/1.8/action_controller/string_coercion.rb:25:in `call'
  /usr/lib/ruby/1.8/rack/head.rb:9:in `call'
  /usr/lib/ruby/1.8/rack/methodoverride.rb:24:in `call'
  /usr/lib/ruby/1.8/action_controller/params_parser.rb:15:in `call'
  /usr/lib/ruby/1.8/action_controller/session/cookie_store.rb:93:in `call'
  /usr/lib/ruby/1.8/action_controller/failsafe.rb:26:in `call'
  /usr/lib/ruby/1.8/rack/lock.rb:11:in `call'
  /usr/lib/ruby/1.8/rack/lock.rb:11:in `synchronize'
  /usr/lib/ruby/1.8/rack/lock.rb:11:in `call'
  /usr/lib/ruby/1.8/action_controller/dispatcher.rb:114:in `call'
  /usr/lib/ruby/1.8/action_controller/reloader.rb:34:in `run'
  /usr/lib/ruby/1.8/action_controller/dispatcher.rb:108:in `call'
  /usr/lib/ruby/1.8/rack/urlmap.rb:47:in `call'
  /usr/lib/ruby/1.8/rack/urlmap.rb:41:in `each'
  /usr/lib/ruby/1.8/rack/urlmap.rb:41:in `call'
  /usr/lib/ruby/1.8/rack/content_length.rb:13:in `call'
  /usr/lib/ruby/1.8/rack/handler/webrick.rb:48:in `service'
  /usr/lib/ruby/1.8/webrick/httpserver.rb:104:in `service'
  /usr/lib/ruby/1.8/webrick/httpserver.rb:65:in `run'
  /usr/lib/ruby/1.8/webrick/server.rb:173:in `start_thread'
  /usr/lib/ruby/1.8/webrick/server.rb:162:in `start'
  /usr/lib/ruby/1.8/webrick/server.rb:162:in `start_thread'
  /usr/lib/ruby/1.8/webrick/server.rb:95:in `start'
  /usr/lib/ruby/1.8/webrick/server.rb:92:in `each'
  /usr/lib/ruby/1.8/webrick/server.rb:92:in `start'
  /usr/lib/ruby/1.8/webrick/server.rb:23:in `start'
  /usr/lib/ruby/1.8/webrick/server.rb:82:in `start'
  /usr/lib/ruby/1.8/rack/handler/webrick.rb:14:in `run'

  [4;35;1mSQL (0.6ms)[0m   [0m SELECT name
 FROM sqlite_master
 WHERE type = 'table' AND NOT name = 'sqlite_sequence'
[0m
Rendered rescues/_trace (14.9ms)
Rendered rescues/_request_and_response (1.2ms)
Rendering rescues/layout (internal_server_error)


Processing PostsController#index (for 127.0.0.1 at 2012-05-02 15:46:15) [GET]
  [4;36;1mPost Load (0.6ms)[0m   [0;1mSELECT * FROM "posts" WHERE ("posts"."id" = 1) [0m
Rendering template within layouts/posts
Rendering posts/index

ActionView::TemplateError (undefined method `each' for #<Post:0x7f4af10941e0>) on line #9 of app/views/posts/index.html.erb:
6:     <th>User</th>
7:   </tr>
8: 
9: <% @posts.each do |post| %>
10:   <tr>
11:     <td><%=h post.content %></td>
12:     <td><%=h post.user.login %></td>

    /usr/lib/ruby/1.8/active_record/attribute_methods.rb:260:in `method_missing'
    app/views/posts/index.html.erb:9
    /usr/lib/ruby/1.8/action_view/renderable.rb:34:in `send'
    /usr/lib/ruby/1.8/action_view/renderable.rb:34:in `render'
    /usr/lib/ruby/1.8/action_view/base.rb:306:in `with_template'
    /usr/lib/ruby/1.8/action_view/renderable.rb:30:in `render'
    /usr/lib/ruby/1.8/action_view/template.rb:205:in `render_template'
    /usr/lib/ruby/1.8/action_view/base.rb:265:in `render'
    /usr/lib/ruby/1.8/action_view/base.rb:348:in `_render_with_layout'
    /usr/lib/ruby/1.8/action_view/base.rb:262:in `render'
    /usr/lib/ruby/1.8/action_controller/base.rb:1250:in `render_for_file'
    /usr/lib/ruby/1.8/action_controller/base.rb:951:in `render_without_benchmark'
    /usr/lib/ruby/1.8/action_controller/benchmarking.rb:51:in `render'
    /usr/lib/ruby/1.8/action_controller/benchmarking.rb:51:in `render'
    /usr/lib/ruby/1.8/action_controller/mime_responds.rb:135:in `send'
    /usr/lib/ruby/1.8/action_controller/mime_responds.rb:135:in `custom'
    /usr/lib/ruby/1.8/action_controller/mime_responds.rb:179:in `call'
    /usr/lib/ruby/1.8/action_controller/mime_responds.rb:179:in `respond'
    /usr/lib/ruby/1.8/action_controller/mime_responds.rb:173:in `each'
    /usr/lib/ruby/1.8/action_controller/mime_responds.rb:173:in `respond'
    /usr/lib/ruby/1.8/action_controller/mime_responds.rb:107:in `respond_to'
    app/controllers/posts_controller.rb:7:in `index'
    /usr/lib/ruby/1.8/action_controller/base.rb:1331:in `send'
    /usr/lib/ruby/1.8/action_controller/base.rb:1331:in `perform_action_without_filters'
    /usr/lib/ruby/1.8/action_controller/filters.rb:617:in `call_filters'
    /usr/lib/ruby/1.8/action_controller/filters.rb:610:in `perform_action_without_benchmark'
    /usr/lib/ruby/1.8/action_controller/benchmarking.rb:68:in `perform_action_without_rescue'
    /usr/lib/ruby/1.8/action_controller/benchmarking.rb:68:in `perform_action_without_rescue'
    /usr/lib/ruby/1.8/action_controller/rescue.rb:160:in `perform_action_without_flash'
    /usr/lib/ruby/1.8/action_controller/flash.rb:146:in `perform_action'
    /usr/lib/ruby/1.8/action_controller/base.rb:532:in `send'
    /usr/lib/ruby/1.8/action_controller/base.rb:532:in `process_without_filters'
    /usr/lib/ruby/1.8/action_controller/filters.rb:606:in `process'
    /usr/lib/ruby/1.8/action_controller/base.rb:391:in `process'
    /usr/lib/ruby/1.8/action_controller/base.rb:386:in `call'
    /usr/lib/ruby/1.8/action_controller/routing/route_set.rb:437:in `call'
    /usr/lib/ruby/1.8/action_controller/dispatcher.rb:87:in `dispatch'
    /usr/lib/ruby/1.8/action_controller/dispatcher.rb:121:in `_call'
    /usr/lib/ruby/1.8/action_controller/dispatcher.rb:130:in `build_middleware_stack'
    /usr/lib/ruby/1.8/active_record/query_cache.rb:29:in `call'
    /usr/lib/ruby/1.8/active_record/query_cache.rb:29:in `call'
    /usr/lib/ruby/1.8/active_record/connection_adapters/abstract/query_cache.rb:34:in `cache'
    /usr/lib/ruby/1.8/active_record/query_cache.rb:9:in `cache'
    /usr/lib/ruby/1.8/active_record/query_cache.rb:28:in `call'
    /usr/lib/ruby/1.8/active_record/connection_adapters/abstract/connection_pool.rb:361:in `call'
    /usr/lib/ruby/1.8/action_controller/string_coercion.rb:25:in `call'
    /usr/lib/ruby/1.8/rack/head.rb:9:in `call'
    /usr/lib/ruby/1.8/rack/methodoverride.rb:24:in `call'
    /usr/lib/ruby/1.8/action_controller/params_parser.rb:15:in `call'
    /usr/lib/ruby/1.8/action_controller/session/cookie_store.rb:93:in `call'
    /usr/lib/ruby/1.8/action_controller/failsafe.rb:26:in `call'
    /usr/lib/ruby/1.8/rack/lock.rb:11:in `call'
    /usr/lib/ruby/1.8/rack/lock.rb:11:in `synchronize'
    /usr/lib/ruby/1.8/rack/lock.rb:11:in `call'
    /usr/lib/ruby/1.8/action_controller/dispatcher.rb:114:in `call'
    /usr/lib/ruby/1.8/action_controller/reloader.rb:34:in `run'
    /usr/lib/ruby/1.8/action_controller/dispatcher.rb:108:in `call'
    /usr/lib/ruby/1.8/rack/urlmap.rb:47:in `call'
    /usr/lib/ruby/1.8/rack/urlmap.rb:41:in `each'
    /usr/lib/ruby/1.8/rack/urlmap.rb:41:in `call'
    /usr/lib/ruby/1.8/rack/content_length.rb:13:in `call'
    /usr/lib/ruby/1.8/rack/handler/webrick.rb:48:in `service'
    /usr/lib/ruby/1.8/webrick/httpserver.rb:104:in `service'
    /usr/lib/ruby/1.8/webrick/httpserver.rb:65:in `run'
    /usr/lib/ruby/1.8/webrick/server.rb:173:in `start_thread'
    /usr/lib/ruby/1.8/webrick/server.rb:162:in `start'
    /usr/lib/ruby/1.8/webrick/server.rb:162:in `start_thread'
    /usr/lib/ruby/1.8/webrick/server.rb:95:in `start'
    /usr/lib/ruby/1.8/webrick/server.rb:92:in `each'
    /usr/lib/ruby/1.8/webrick/server.rb:92:in `start'
    /usr/lib/ruby/1.8/webrick/server.rb:23:in `start'
    /usr/lib/ruby/1.8/webrick/server.rb:82:in `start'
    /usr/lib/ruby/1.8/rack/handler/webrick.rb:14:in `run'

Rendered rescues/_trace (18.0ms)
Rendered rescues/_request_and_response (0.3ms)
Rendering rescues/layout (internal_server_error)


Processing PostsController#index (for 127.0.0.1 at 2012-05-02 15:46:33) [GET]
  [4;35;1mSQL (0.9ms)[0m   [0m SELECT name
 FROM sqlite_master
 WHERE type = 'table' AND NOT name = 'sqlite_sequence'
[0m

NoMethodError (undefined method `find_all' for #<Class:0x7f4af220bfe0>):
  /usr/lib/ruby/1.8/active_record/base.rb:1959:in `method_missing'
  app/controllers/posts_controller.rb:5:in `index'
  /usr/lib/ruby/1.8/action_controller/base.rb:1331:in `send'
  /usr/lib/ruby/1.8/action_controller/base.rb:1331:in `perform_action_without_filters'
  /usr/lib/ruby/1.8/action_controller/filters.rb:617:in `call_filters'
  /usr/lib/ruby/1.8/action_controller/filters.rb:610:in `perform_action_without_benchmark'
  /usr/lib/ruby/1.8/action_controller/benchmarking.rb:68:in `perform_action_without_rescue'
  /usr/lib/ruby/1.8/action_controller/benchmarking.rb:68:in `perform_action_without_rescue'
  /usr/lib/ruby/1.8/action_controller/rescue.rb:160:in `perform_action_without_flash'
  /usr/lib/ruby/1.8/action_controller/flash.rb:146:in `perform_action'
  /usr/lib/ruby/1.8/action_controller/base.rb:532:in `send'
  /usr/lib/ruby/1.8/action_controller/base.rb:532:in `process_without_filters'
  /usr/lib/ruby/1.8/action_controller/filters.rb:606:in `process'
  /usr/lib/ruby/1.8/action_controller/base.rb:391:in `process'
  /usr/lib/ruby/1.8/action_controller/base.rb:386:in `call'
  /usr/lib/ruby/1.8/action_controller/routing/route_set.rb:437:in `call'
  /usr/lib/ruby/1.8/action_controller/dispatcher.rb:87:in `dispatch'
  /usr/lib/ruby/1.8/action_controller/dispatcher.rb:121:in `_call'
  /usr/lib/ruby/1.8/action_controller/dispatcher.rb:130:in `build_middleware_stack'
  /usr/lib/ruby/1.8/active_record/query_cache.rb:29:in `call'
  /usr/lib/ruby/1.8/active_record/query_cache.rb:29:in `call'
  /usr/lib/ruby/1.8/active_record/connection_adapters/abstract/query_cache.rb:34:in `cache'
  /usr/lib/ruby/1.8/active_record/query_cache.rb:9:in `cache'
  /usr/lib/ruby/1.8/active_record/query_cache.rb:28:in `call'
  /usr/lib/ruby/1.8/active_record/connection_adapters/abstract/connection_pool.rb:361:in `call'
  /usr/lib/ruby/1.8/action_controller/string_coercion.rb:25:in `call'
  /usr/lib/ruby/1.8/rack/head.rb:9:in `call'
  /usr/lib/ruby/1.8/rack/methodoverride.rb:24:in `call'
  /usr/lib/ruby/1.8/action_controller/params_parser.rb:15:in `call'
  /usr/lib/ruby/1.8/action_controller/session/cookie_store.rb:93:in `call'
  /usr/lib/ruby/1.8/action_controller/failsafe.rb:26:in `call'
  /usr/lib/ruby/1.8/rack/lock.rb:11:in `call'
  /usr/lib/ruby/1.8/rack/lock.rb:11:in `synchronize'
  /usr/lib/ruby/1.8/rack/lock.rb:11:in `call'
  /usr/lib/ruby/1.8/action_controller/dispatcher.rb:114:in `call'
  /usr/lib/ruby/1.8/action_controller/reloader.rb:34:in `run'
  /usr/lib/ruby/1.8/action_controller/dispatcher.rb:108:in `call'
  /usr/lib/ruby/1.8/rack/urlmap.rb:47:in `call'
  /usr/lib/ruby/1.8/rack/urlmap.rb:41:in `each'
  /usr/lib/ruby/1.8/rack/urlmap.rb:41:in `call'
  /usr/lib/ruby/1.8/rack/content_length.rb:13:in `call'
  /usr/lib/ruby/1.8/rack/handler/webrick.rb:48:in `service'
  /usr/lib/ruby/1.8/webrick/httpserver.rb:104:in `service'
  /usr/lib/ruby/1.8/webrick/httpserver.rb:65:in `run'
  /usr/lib/ruby/1.8/webrick/server.rb:173:in `start_thread'
  /usr/lib/ruby/1.8/webrick/server.rb:162:in `start'
  /usr/lib/ruby/1.8/webrick/server.rb:162:in `start_thread'
  /usr/lib/ruby/1.8/webrick/server.rb:95:in `start'
  /usr/lib/ruby/1.8/webrick/server.rb:92:in `each'
  /usr/lib/ruby/1.8/webrick/server.rb:92:in `start'
  /usr/lib/ruby/1.8/webrick/server.rb:23:in `start'
  /usr/lib/ruby/1.8/webrick/server.rb:82:in `start'
  /usr/lib/ruby/1.8/rack/handler/webrick.rb:14:in `run'

  [4;36;1mSQL (0.5ms)[0m   [0;1m SELECT name
 FROM sqlite_master
 WHERE type = 'table' AND NOT name = 'sqlite_sequence'
[0m
Rendered rescues/_trace (25.8ms)
Rendered rescues/_request_and_response (0.5ms)
Rendering rescues/layout (internal_server_error)


Processing PostsController#index (for 127.0.0.1 at 2012-05-02 15:49:14) [GET]
  [4;35;1mUser Load (0.4ms)[0m   [0mSELECT * FROM "users" WHERE ("users"."id" = 1) [0m
Rendering template within layouts/posts
Rendering posts/index
  [4;36;1mPost Load (0.4ms)[0m   [0;1mSELECT * FROM "posts" WHERE ("posts".user_id = 1) [0m
  [4;35;1mCACHE (0.0ms)[0m   [0mSELECT * FROM "users" WHERE ("users"."id" = 1) [0m
Completed in 21ms (View: 8, DB: 1) | 200 OK [http://localhost/posts/]
